<?xml version="1.0" encoding="UTF-8"?>
<testng-results ignored="0" total="1" passed="1" failed="0" skipped="0">
  <reporter-output>
  </reporter-output>
  <suite started-at="2026-03-27T09:18:52 IST" name="FlipkartSuite" finished-at="2026-03-27T09:19:18 IST" duration-ms="25872">
    <groups>
    </groups>
    <test started-at="2026-03-27T09:18:52 IST" name="AddToCartTest" finished-at="2026-03-27T09:19:18 IST" duration-ms="25872">
      <class name="tests.AddToCartTest">
        <test-method signature="runTest()[pri:0, instance:tests.AddToCartTest@443118b0]" started-at="2026-03-27T09:18:52 IST" name="runTest" finished-at="2026-03-27T09:19:18 IST" duration-ms="25829" status="PASS">
          <reporter-output>
          </reporter-output>
        </test-method> <!-- runTest -->
      </class> <!-- tests.AddToCartTest -->
    </test> <!-- AddToCartTest -->
  </suite> <!-- FlipkartSuite -->
</testng-results>
